[2025-07-25 08:14:08 UTC] [Client:51139] TestClient5 Message concurrent 1 - 1ms
[2025-07-25 08:14:08 UTC] [Client:51138] TestClient6 Message concurrent 1 - 1ms
[2025-07-25 08:14:08 UTC] [Client:51136] TestClient10 Message concurrent 1 - 1ms
[2025-07-25 08:14:08 UTC] [Client:51141] TestClient4 Message concurrent 1 - 1ms
[2025-07-25 08:14:08 UTC] [Client:51140] TestClient7 Message concurrent 1 - 1ms
[2025-07-25 08:14:08 UTC] [Client:51133] TestClient9 Message concurrent 1 - 1ms
[2025-07-25 08:14:08 UTC] [Client:51132] TestClient1 Message concurrent 1 - 1ms
[2025-07-25 08:14:08 UTC] [Client:51134] TestClient8 Message concurrent 1 - 1ms
[2025-07-25 08:14:08 UTC] [Client:51135] TestClient3 Message concurrent 1 - 1ms
[2025-07-25 08:14:08 UTC] [Client:51137] TestClient2 Message concurrent 1 - 1ms
[2025-07-25 08:14:08 UTC] [Client:51132] TestClient1 Message concurrent 2 - 13ms
[2025-07-25 08:14:08 UTC] [Client:51137] TestClient2 Message concurrent 2 - 13ms
[2025-07-25 08:14:08 UTC] [Client:51135] TestClient3 Message concurrent 2 - 13ms
[2025-07-25 08:14:08 UTC] [Client:51139] TestClient5 Message concurrent 2 - 13ms
[2025-07-25 08:14:08 UTC] [Client:51133] TestClient9 Message concurrent 2 - 13ms
[2025-07-25 08:14:08 UTC] [Client:51141] TestClient4 Message concurrent 2 - 13ms
[2025-07-25 08:14:08 UTC] [Client:51136] TestClient10 Message concurrent 2 - 13ms
[2025-07-25 08:14:08 UTC] [Client:51138] TestClient6 Message concurrent 2 - 13ms
[2025-07-25 08:14:08 UTC] [Client:51140] TestClient7 Message concurrent 2 - 13ms
[2025-07-25 08:14:08 UTC] [Client:51134] TestClient8 Message concurrent 2 - 13ms
[2025-07-25 08:14:08 UTC] [Client:51134] TestClient8 Message concurrent 3 - 29ms
[2025-07-25 08:14:08 UTC] [Client:51140] TestClient7 Message concurrent 3 - 29ms
[2025-07-25 08:14:08 UTC] [Client:51135] TestClient3 Message concurrent 3 - 29ms
[2025-07-25 08:14:08 UTC] [Client:51139] TestClient5 Message concurrent 3 - 29ms
[2025-07-25 08:14:08 UTC] [Client:51138] TestClient6 Message concurrent 3 - 29ms
[2025-07-25 08:14:08 UTC] [Client:51133] TestClient9 Message concurrent 3 - 29ms
[2025-07-25 08:14:08 UTC] [Client:51136] TestClient10 Message concurrent 3 - 29ms
[2025-07-25 08:14:08 UTC] [Client:51141] TestClient4 Message concurrent 3 - 29ms
[2025-07-25 08:14:08 UTC] [Client:51137] TestClient2 Message concurrent 3 - 29ms
[2025-07-25 08:14:08 UTC] [Client:51132] TestClient1 Message concurrent 3 - 29ms
[2025-07-25 08:14:08 UTC] [Client:51140] TestClient7 Message concurrent 4 - 44ms
[2025-07-25 08:14:08 UTC] [Client:51137] TestClient2 Message concurrent 4 - 44ms
[2025-07-25 08:14:08 UTC] [Client:51141] TestClient4 Message concurrent 4 - 45ms
[2025-07-25 08:14:08 UTC] [Client:51139] TestClient5 Message concurrent 4 - 44ms
[2025-07-25 08:14:08 UTC] [Client:51136] TestClient10 Message concurrent 4 - 45ms
[2025-07-25 08:14:08 UTC] [Client:51135] TestClient3 Message concurrent 4 - 44ms
[2025-07-25 08:14:08 UTC] [Client:51133] TestClient9 Message concurrent 4 - 45ms
[2025-07-25 08:14:08 UTC] [Client:51138] TestClient6 Message concurrent 4 - 45ms
[2025-07-25 08:14:08 UTC] [Client:51132] TestClient1 Message concurrent 4 - 45ms
[2025-07-25 08:14:08 UTC] [Client:51134] TestClient8 Message concurrent 4 - 45ms
[2025-07-25 08:14:08 UTC] [Client:51141] TestClient4 Message concurrent 5 - 60ms
[2025-07-25 08:14:08 UTC] [Client:51138] TestClient6 Message concurrent 5 - 60ms
[2025-07-25 08:14:08 UTC] [Client:51134] TestClient8 Message concurrent 5 - 60ms
[2025-07-25 08:14:08 UTC] [Client:51135] TestClient3 Message concurrent 5 - 60ms
[2025-07-25 08:14:08 UTC] [Client:51136] TestClient10 Message concurrent 5 - 60ms
[2025-07-25 08:14:08 UTC] [Client:51140] TestClient7 Message concurrent 5 - 60ms
[2025-07-25 08:14:08 UTC] [Client:51132] TestClient1 Message concurrent 5 - 60ms
[2025-07-25 08:14:08 UTC] [Client:51139] TestClient5 Message concurrent 5 - 60ms
[2025-07-25 08:14:08 UTC] [Client:51137] TestClient2 Message concurrent 5 - 60ms
[2025-07-25 08:14:08 UTC] [Client:51133] TestClient9 Message concurrent 5 - 60ms
[2025-07-25 08:15:39 UTC] [Client:51175] Message rapide 1 - 0ms
[2025-07-25 08:15:39 UTC] [Client:51175] Message rapide 2 - 12ms
[2025-07-25 08:15:39 UTC] [Client:51175] Message rapide 3 - 28ms
[2025-07-25 08:15:39 UTC] [Client:51175] Message rapide 4 - 44ms
[2025-07-25 08:15:39 UTC] [Client:51175] Message rapide 5 - 60ms
[2025-07-25 08:15:39 UTC] [Client:51175] Message rapide 6 - 76ms
[2025-07-25 08:15:39 UTC] [Client:51175] Message rapide 7 - 91ms
[2025-07-25 08:15:39 UTC] [Client:51175] Message rapide 8 - 107ms
[2025-07-25 08:15:39 UTC] [Client:51175] Message rapide 9 - 123ms
[2025-07-25 08:15:39 UTC] [Client:51175] Message rapide 10 - 139ms
[2025-07-25 08:15:55 UTC] [Client:51175] Bonjour
[2025-07-25 08:16:12 UTC] [Client:51190] Message rapide 1 - 0ms
[2025-07-25 08:16:12 UTC] [Client:51190] Message rapide 2 - 21ms
[2025-07-25 08:16:12 UTC] [Client:51190] Message rapide 3 - 37ms
[2025-07-25 08:16:12 UTC] [Client:51190] Message rapide 4 - 53ms
[2025-07-25 08:16:12 UTC] [Client:51190] Message rapide 5 - 70ms
[2025-07-25 08:16:12 UTC] [Client:51190] Message rapide 6 - 85ms
[2025-07-25 08:16:12 UTC] [Client:51190] Message rapide 7 - 101ms
[2025-07-25 08:16:12 UTC] [Client:51190] Message rapide 8 - 116ms
[2025-07-25 08:16:12 UTC] [Client:51190] Message rapide 9 - 132ms
[2025-07-25 08:16:12 UTC] [Client:51190] Message rapide 10 - 148ms
[2025-07-25 08:16:17 UTC] [Client:51190] Lol
[2025-07-25 08:16:34 UTC] [Client:51175] test_concurrent
[2025-07-25 08:16:37 UTC] [Client:51175] lol
